temp1
(5) [{…}, {…}, {…}, {…}, {…}]0: {username: "mani0", password: 0, percent: 0}password: 0percent: 0username: "mani0"__proto__: Object1: {username: "mani1", password: 1, percent: 10}2: {username: "mani2", password: 2, percent: 20}3: {username: "mani3", password: 3, percent: 30}4: {username: "mani4", password: 4, percent: 40}length: 5__proto__: Array(0)
temp1.length
5
var obj = temp1[0]
undefined
obj
{username: "mani0", password: 0, percent: 0}
Object.keys(obj)
(3) ["username", "password", "percent"]
var firstData = temp1[0]
undefined
Object.keys(firstData)
(3) ["username", "password", "percent"]0: "username"1: "password"2: "percent"length: 3__proto__: Array(0)
Object.keys(firstData).length
3
temp1.keys()
Array Iterator {}__proto__: Array Iterator
temp1.flat()
(5) [{…}, {…}, {…}, {…}, {…}]0: {username: "mani0", password: 0, percent: 0}password: 0percent: 0username: "mani0"__proto__: Object1: {username: "mani1", password: 1, percent: 10}2: {username: "mani2", password: 2, percent: 20}3: {username: "mani3", password: 3, percent: 30}4: {username: "mani4", password: 4, percent: 40}length: 5__proto__: Array(0)
var a = [0,1,[4]]
undefined
a.flat()
(3) [0, 1, 4]
var a = [0,1,[4],[5,6,[7]]]
undefined
a.flat()
(6) [0, 1, 4, 5, 6, Array(1)]0: 01: 12: 43: 54: 65: [7]0: 7length: 1__proto__: Array(0)length: 6__proto__: Array(0)concat: ƒ concat()constructor: ƒ Array()copyWithin: ƒ copyWithin()entries: ƒ entries()every: ƒ every()fill: ƒ fill()filter: ƒ filter()find: ƒ find()findIndex: ƒ findIndex()flat: ƒ flat()flatMap: ƒ flatMap()forEach: ƒ forEach()includes: ƒ includes()indexOf: ƒ indexOf()join: ƒ join()keys: ƒ keys()lastIndexOf: ƒ lastIndexOf()length: 0map: ƒ map()pop: ƒ pop()push: ƒ push()reduce: ƒ reduce()reduceRight: ƒ reduceRight()reverse: ƒ reverse()shift: ƒ shift()slice: ƒ slice()some: ƒ some()sort: ƒ sort()splice: ƒ splice()toLocaleString: ƒ toLocaleString()toString: ƒ toString()unshift: ƒ unshift()values: ƒ values()Symbol(Symbol.iterator): ƒ values()Symbol(Symbol.unscopables): {copyWithin: true, entries: true, fill: true, find: true, findIndex: true, …}__proto__: Object
var a = [0,1,[4],[5,6,[7]]]
undefined
a.flat().flat()
(6) [0, 1, 4, 5, 6, 7]
var b  = a.flat().flat()
undefined
b.findIndex(4)
VM1978:1 Uncaught TypeError: 4 is not a function
    at Array.findIndex (<anonymous>)
    at <anonymous>:1:3
(anonymous) @ VM1978:1
b.findIndex('4')
VM1988:1 Uncaught TypeError: 4 is not a function
    at Array.findIndex (<anonymous>)
    at <anonymous>:1:3
(anonymous) @ VM1988:1
b.indexOf(4)
2
b
(6) [0, 1, 4, 5, 6, 7]
b.indexOf(7)
5
b.indexOf(10)
-1
b.indexOf(dsad)
VM2167:1 Uncaught ReferenceError: dsad is not defined
    at <anonymous>:1:11
(anonymous) @ VM2167:1
b.indexOf('dsad')
-1
obj
{username: "mani0", password: 0, percent: 0}password: 0percent: 0username: "mani0"__proto__: Object
obj.toString()
"[object Object]"
var num = 5
undefined
num.toString()
"5"
JSON.stringify(obj)
"{"username":"mani0","password":0,"percent":0}"
obj
{username: "mani0", password: 0, percent: 0}
var stringedObj = JSON.stringify(obj)
undefined
stringedObj
"{"username":"mani0","password":0,"percent":0}"
JSON.parse(stringedObj)
{username: "mani0", password: 0, percent: 0}password: 0percent: 0username: "mani0"__proto__: Object
obj
{username: "mani0", password: 0, percent: 0}password: 0percent: 0username: "mani0"__proto__: Object
var user = obj.username
undefined
user
"mani0"
obj.password
0
obj.percent
0
Object.keys(obj)
(3) ["username", "password", "percent"]
Object.keys(values)
["toString"]0: "toString"length: 1__proto__: Array(0)
Object.values(obj)
(3) ["mani0", 0, 0]0: "mani0"1: 02: 0length: 3__proto__: Array(0)
obj
{username: "mani0", password: 0, percent: 0}password: 0percent: 0username: "mani0"__proto__: Object
Object.assign
ƒ assign() { [native code] }
var b = Object.assign(obj)
undefined
b
{username: "mani0", password: 0, percent: 0}
b = obj
{username: "mani0", password: 0, percent: 0}
b.password =1
1
obj
{username: "mani0", password: 1, percent: 0}
var b = Object.assign(obj)
undefined
b.username = 'mani'
"mani"
obj
{username: "mani", password: 1, percent: 0}
var b = Object.assign(obj)
undefined
b.username = 'mni2'
"mni2"
obj
{username: "mni2", password: 1, percent: 0}
var b = {...obj}
undefined
b
{username: "mni2", password: 1, percent: 0}
b.username = 'hello'
"hello"
obj
{username: "mni2", password: 1, percent: 0}
var b = {...obj}
undefined
var b = JSON.stringify(obj)
undefined
b
"{"username":"mni2","password":1,"percent":0}"
var b = JSON.parse(JSON.stringify(obj))
undefined
b
{username: "mni2", password: 1, percent: 0}
b.username = 'test'
"test"
obj
{username: "mni2", password: 1, percent: 0}
var b = JSON.parse(JSON.stringify(obj))
undefined
b
{username: "mni2", password: 1, percent: 0}password: 1percent: 0username: "mni2"__proto__: Object
JSON.stringify(b)
"{"username":"mni2","password":1,"percent":0}"
JSON.parse(JSON.stringify(b))
{username: "mni2", password: 1, percent: 0}
